Shapes
(42000, 785)
(28000, 784)
head of train
   label  pixel0  pixel1  pixel2  ...  pixel780  pixel781  pixel782  pixel783
0      1       0       0       0  ...         0         0         0         0
1      0       0       0       0  ...         0         0         0         0
2      1       0       0       0  ...         0         0         0         0
3      4       0       0       0  ...         0         0         0         0
4      0       0       0       0  ...         0         0         0         0
5      0       0       0       0  ...         0         0         0         0
6      7       0       0       0  ...         0         0         0         0
7      3       0       0       0  ...         0         0         0         0
8      5       0       0       0  ...         0         0         0         0
9      3       0       0       0  ...         0         0         0         0

[10 rows x 785 columns]
check for null entries
label     0
pixel0    0
pixel1    0
pixel2    0
pixel3    0
pixel4    0
pixel5    0
pixel6    0
pixel7    0
pixel8    0
dtype: int64
label     0
pixel0    0
pixel1    0
pixel2    0
pixel3    0
pixel4    0
pixel5    0
pixel6    0
pixel7    0
pixel8    0
dtype: int64
description of data
              label   pixel0   pixel1  ...  pixel781  pixel782  pixel783
count  42000.000000  42000.0  42000.0  ...   42000.0   42000.0   42000.0
mean       4.456643      0.0      0.0  ...       0.0       0.0       0.0
std        2.887730      0.0      0.0  ...       0.0       0.0       0.0
min        0.000000      0.0      0.0  ...       0.0       0.0       0.0
25%        2.000000      0.0      0.0  ...       0.0       0.0       0.0
50%        4.000000      0.0      0.0  ...       0.0       0.0       0.0
75%        7.000000      0.0      0.0  ...       0.0       0.0       0.0
max        9.000000      0.0      0.0  ...       0.0       0.0       0.0

[8 rows x 785 columns]
about datatype -train
Dimension:  (42000, 785) 

about datatype -test
Dimensions:  (28000, 784) 

labels
[0, 1, 2, 3, 4, 5, 6, 7, 8, 9]
plots
plotting an instance of dataset 


pixel0      0.0
pixel1      0.0
pixel2      0.0
pixel3      0.0
pixel4      0.0
           ... 
pixel779    0.0
pixel780    0.0
pixel781    0.0
pixel782    0.0
pixel783    0.0
Length: 784, dtype: float64
separting x and y
X shape (42000, 784) 

y shape (42000,) 

0    1
1    0
2    1
3    4
4    0
Name: label, dtype: int64
Normaliozation
Scaling features

train-test split
building models
non - linear

 using rbf kernel, without hyperparameter tuning
predictions
[7 3 9 ... 1 0 1]
performance
accuracy: 0.9348412698412698 

[[1156    0    5    1    0    2   12    6    5    1]
 [   0 1389    4    3    4    0    2    6    5    0]
 [   2    4 1170   19    5    0    9   35   15    1]
 [   1    4   19 1237    0   20    2   32   13    3]
 [   0    4   25    0 1133    0    9   17    3   27]
 [   1    9    5   42    3 1047   17   11    8    6]
 [  13    2    5    0    2   15 1156   24    2    0]
 [   3   10    9    3   15    0    0 1256    1   33]
 [   5   19   14   25    7   21    8   15 1095    8]
 [   4    4    6   30   23    2    1   61    4 1140]]
Hyperparameter tuning (C and gamma)
Fitting the model
Fitting 5 folds for each of 6 candidates, totalling 30 fits
